<?xml version="1.0" encoding="UTF-8"?>
<testsuite name="org.example.MainTest" tests="1" skipped="0" failures="0" errors="0" timestamp="2023-12-30T03:29:12" hostname="gimgeon-ui-MacBookAir.local" time="0.006">
  <properties/>
  <testcase name="enumTest()" classname="org.example.MainTest" time="0.006"/>
  <system-out><![CDATA[true
]]></system-out>
  <system-err><![CDATA[]]></system-err>
</testsuite>
