<?xml version="1.0" encoding="UTF-8"?>
<testsuite name="org.example.MainTest" tests="1" skipped="0" failures="0" errors="0" timestamp="2023-12-30T02:39:26" hostname="gimgeon-ui-MacBookAir.local" time="0.026">
  <properties/>
  <testcase name="filterGreenApple()" classname="org.example.MainTest" time="0.026"/>
  <system-out><![CDATA[[Apple{weight=7, color=GREEN}, Apple{weight=1, color=GREEN}]
]]></system-out>
  <system-err><![CDATA[]]></system-err>
</testsuite>
